<?xml version="1.0" encoding="UTF-8"?>
<!-- Generated by org.testng.reporters.JUnitXMLReporter -->
<testsuite ignored="2" hostname="DESKTOP-NPNNVAF" failures="0" tests="3" name="Test" time="0.195" errors="0" timestamp="26 Aug 2018 11:56:54 GMT">
  <testcase classname="RaviSelenium.RaviTest1" name="testOne" time="0.044"/>
  <testcase classname="RaviSelenium.RaviTest1" name="testTwo" time="0.005"/>
  <testcase classname="RaviSelenium.RaviTest1" name="testFive" time="0.006"/>
  <testcase classname="RaviSelenium.RaviTest1" name="testFour" time="0.0">
    <ignored/>
  </testcase> <!-- testFour -->
  <testcase classname="RaviSelenium.RaviTest1" name="testThree" time="0.0">
    <ignored/>
  </testcase> <!-- testThree -->
</testsuite> <!-- Test -->
